This is pdfTeX, Version 3.14159265-2.6-1.40.19 (TeX Live 2019/dev/Debian) (preloaded format=pdflatex 2021.2.1)  19 APR 2021 11:09
entering extended mode
 restricted \write18 enabled.
 %&-line parsing enabled.
**main.tex
(./main.tex
LaTeX2e <2018-12-01>
(/usr/share/texlive/texmf-dist/tex/latex/beamer/beamer.cls
Document Class: beamer 2018/12/02 v3.55 A class for typesetting presentations
(/usr/share/texlive/texmf-dist/tex/latex/beamer/beamerbasemodes.sty
(/usr/share/texlive/texmf-dist/tex/latex/etoolbox/etoolbox.sty
Package: etoolbox 2018/08/19 v2.5f e-TeX tools for LaTeX (JAW)
\etb@tempcnta=\count80
)
\beamer@tempbox=\box27
\beamer@tempcount=\count81
\c@beamerpauses=\count82

(/usr/share/texlive/texmf-dist/tex/latex/beamer/beamerbasedecode.sty
\beamer@slideinframe=\count83
\beamer@minimum=\count84
)
\beamer@commentbox=\box28
\beamer@modecount=\count85
)
(/usr/share/texlive/texmf-dist/tex/generic/oberdiek/ifpdf.sty
Package: ifpdf 2018/09/07 v3.3 Provides the ifpdf switch
)
\headdp=\dimen102
\footheight=\dimen103
\sidebarheight=\dimen104
\beamer@tempdim=\dimen105
\beamer@finalheight=\dimen106
\beamer@animht=\dimen107
\beamer@animdp=\dimen108
\beamer@animwd=\dimen109
\beamer@leftmargin=\dimen110
\beamer@rightmargin=\dimen111
\beamer@leftsidebar=\dimen112
\beamer@rightsidebar=\dimen113
\beamer@boxsize=\dimen114
\beamer@vboxoffset=\dimen115
\beamer@descdefault=\dimen116
\beamer@descriptionwidth=\dimen117
\beamer@lastskip=\skip41
\beamer@areabox=\box29
\beamer@animcurrent=\box30
\beamer@animshowbox=\box31
\beamer@sectionbox=\box32
\beamer@logobox=\box33
\beamer@linebox=\box34
\beamer@sectioncount=\count86
\beamer@subsubsectionmax=\count87
\beamer@subsectionmax=\count88
\beamer@sectionmax=\count89
\beamer@totalheads=\count90
\beamer@headcounter=\count91
\beamer@partstartpage=\count92
\beamer@sectionstartpage=\count93
\beamer@subsectionstartpage=\count94
\beamer@animationtempa=\count95
\beamer@animationtempb=\count96
\beamer@xpos=\count97
\beamer@ypos=\count98
\beamer@ypos@offset=\count99
\beamer@showpartnumber=\count100
\beamer@currentsubsection=\count101
\beamer@coveringdepth=\count102
\beamer@sectionadjust=\count103
\beamer@tocsectionnumber=\count104

(/usr/share/texlive/texmf-dist/tex/latex/beamer/beamerbaseoptions.sty
(/usr/share/texlive/texmf-dist/tex/latex/graphics/keyval.sty
Package: keyval 2014/10/28 v1.15 key=value parser (DPC)
\KV@toks@=\toks14
))
\beamer@paperwidth=\skip42
\beamer@paperheight=\skip43

(/usr/share/texlive/texmf-dist/tex/latex/geometry/geometry.sty
Package: geometry 2018/04/16 v5.8 Page Geometry

(/usr/share/texlive/texmf-dist/tex/generic/oberdiek/ifvtex.sty
Package: ifvtex 2016/05/16 v1.6 Detect VTeX and its facilities (HO)
Package ifvtex Info: VTeX not detected.
)
(/usr/share/texlive/texmf-dist/tex/generic/ifxetex/ifxetex.sty
Package: ifxetex 2010/09/12 v0.6 Provides ifxetex conditional
)
\Gm@cnth=\count105
\Gm@cntv=\count106
\c@Gm@tempcnt=\count107
\Gm@bindingoffset=\dimen118
\Gm@wd@mp=\dimen119
\Gm@odd@mp=\dimen120
\Gm@even@mp=\dimen121
\Gm@layoutwidth=\dimen122
\Gm@layoutheight=\dimen123
\Gm@layouthoffset=\dimen124
\Gm@layoutvoffset=\dimen125
\Gm@dimlist=\toks15
)
(/usr/share/texlive/texmf-dist/tex/latex/base/size10.clo
File: size10.clo 2018/09/03 v1.4i Standard LaTeX file (size option)
)
(/usr/share/texlive/texmf-dist/tex/latex/pgf/basiclayer/pgfcore.sty
(/usr/share/texlive/texmf-dist/tex/latex/graphics/graphicx.sty
Package: graphicx 2017/06/01 v1.1a Enhanced LaTeX Graphics (DPC,SPQR)

(/usr/share/texlive/texmf-dist/tex/latex/graphics/graphics.sty
Package: graphics 2017/06/25 v1.2c Standard LaTeX Graphics (DPC,SPQR)

(/usr/share/texlive/texmf-dist/tex/latex/graphics/trig.sty
Package: trig 2016/01/03 v1.10 sin cos tan (DPC)
)
(/usr/share/texlive/texmf-dist/tex/latex/graphics-cfg/graphics.cfg
File: graphics.cfg 2016/06/04 v1.11 sample graphics configuration
)
Package graphics Info: Driver file: pdftex.def on input line 99.

(/usr/share/texlive/texmf-dist/tex/latex/graphics-def/pdftex.def
File: pdftex.def 2018/01/08 v1.0l Graphics/color driver for pdftex
))
\Gin@req@height=\dimen126
\Gin@req@width=\dimen127
)
(/usr/share/texlive/texmf-dist/tex/latex/pgf/systemlayer/pgfsys.sty
(/usr/share/texlive/texmf-dist/tex/latex/pgf/utilities/pgfrcs.sty
(/usr/share/texlive/texmf-dist/tex/generic/pgf/utilities/pgfutil-common.tex
\pgfutil@everybye=\toks16
\pgfutil@tempdima=\dimen128
\pgfutil@tempdimb=\dimen129

(/usr/share/texlive/texmf-dist/tex/generic/pgf/utilities/pgfutil-common-lists.t
ex)) (/usr/share/texlive/texmf-dist/tex/generic/pgf/utilities/pgfutil-latex.def
\pgfutil@abb=\box35
(/usr/share/texlive/texmf-dist/tex/latex/ms/everyshi.sty
Package: everyshi 2001/05/15 v3.00 EveryShipout Package (MS)
))
(/usr/share/texlive/texmf-dist/tex/generic/pgf/utilities/pgfrcs.code.tex
(/usr/share/texlive/texmf-dist/tex/generic/pgf/pgf.revision.tex)
Package: pgfrcs 2019/02/02 v3.1.1 (3.1.1)
))
(/usr/share/texlive/texmf-dist/tex/generic/pgf/systemlayer/pgfsys.code.tex
Package: pgfsys 2019/02/02 v3.1.1 (3.1.1)

(/usr/share/texlive/texmf-dist/tex/generic/pgf/utilities/pgfkeys.code.tex
\pgfkeys@pathtoks=\toks17
\pgfkeys@temptoks=\toks18

(/usr/share/texlive/texmf-dist/tex/generic/pgf/utilities/pgfkeysfiltered.code.t
ex
\pgfkeys@tmptoks=\toks19
))
\pgf@x=\dimen130
\pgf@y=\dimen131
\pgf@xa=\dimen132
\pgf@ya=\dimen133
\pgf@xb=\dimen134
\pgf@yb=\dimen135
\pgf@xc=\dimen136
\pgf@yc=\dimen137
\w@pgf@writea=\write3
\r@pgf@reada=\read1
\c@pgf@counta=\count108
\c@pgf@countb=\count109
\c@pgf@countc=\count110
\c@pgf@countd=\count111
\t@pgf@toka=\toks20
\t@pgf@tokb=\toks21
\t@pgf@tokc=\toks22
\pgf@sys@id@count=\count112
 (/usr/share/texlive/texmf-dist/tex/generic/pgf/systemlayer/pgf.cfg
File: pgf.cfg 2019/02/02 v3.1.1 (3.1.1)
)
Driver file for pgf: pgfsys-pdftex.def

(/usr/share/texlive/texmf-dist/tex/generic/pgf/systemlayer/pgfsys-pdftex.def
File: pgfsys-pdftex.def 2019/02/02 v3.1.1 (3.1.1)

(/usr/share/texlive/texmf-dist/tex/generic/pgf/systemlayer/pgfsys-common-pdf.de
f
File: pgfsys-common-pdf.def 2019/02/02 v3.1.1 (3.1.1)
)))
(/usr/share/texlive/texmf-dist/tex/generic/pgf/systemlayer/pgfsyssoftpath.code.
tex
File: pgfsyssoftpath.code.tex 2019/02/02 v3.1.1 (3.1.1)
\pgfsyssoftpath@smallbuffer@items=\count113
\pgfsyssoftpath@bigbuffer@items=\count114
)
(/usr/share/texlive/texmf-dist/tex/generic/pgf/systemlayer/pgfsysprotocol.code.
tex
File: pgfsysprotocol.code.tex 2019/02/02 v3.1.1 (3.1.1)
)) (/usr/share/texlive/texmf-dist/tex/latex/xcolor/xcolor.sty
Package: xcolor 2016/05/11 v2.12 LaTeX color extensions (UK)

(/usr/share/texlive/texmf-dist/tex/latex/graphics-cfg/color.cfg
File: color.cfg 2016/01/02 v1.6 sample color configuration
)
Package xcolor Info: Driver file: pdftex.def on input line 225.
Package xcolor Info: Model `cmy' substituted by `cmy0' on input line 1348.
Package xcolor Info: Model `hsb' substituted by `rgb' on input line 1352.
Package xcolor Info: Model `RGB' extended on input line 1364.
Package xcolor Info: Model `HTML' substituted by `rgb' on input line 1366.
Package xcolor Info: Model `Hsb' substituted by `hsb' on input line 1367.
Package xcolor Info: Model `tHsb' substituted by `hsb' on input line 1368.
Package xcolor Info: Model `HSB' substituted by `hsb' on input line 1369.
Package xcolor Info: Model `Gray' substituted by `gray' on input line 1370.
Package xcolor Info: Model `wave' substituted by `hsb' on input line 1371.
)
(/usr/share/texlive/texmf-dist/tex/generic/pgf/basiclayer/pgfcore.code.tex
Package: pgfcore 2019/02/02 v3.1.1 (3.1.1)

(/usr/share/texlive/texmf-dist/tex/generic/pgf/math/pgfmath.code.tex
(/usr/share/texlive/texmf-dist/tex/generic/pgf/math/pgfmathcalc.code.tex
(/usr/share/texlive/texmf-dist/tex/generic/pgf/math/pgfmathutil.code.tex)
(/usr/share/texlive/texmf-dist/tex/generic/pgf/math/pgfmathparser.code.tex
\pgfmath@dimen=\dimen138
\pgfmath@count=\count115
\pgfmath@box=\box36
\pgfmath@toks=\toks23
\pgfmath@stack@operand=\toks24
\pgfmath@stack@operation=\toks25
)
(/usr/share/texlive/texmf-dist/tex/generic/pgf/math/pgfmathfunctions.code.tex
(/usr/share/texlive/texmf-dist/tex/generic/pgf/math/pgfmathfunctions.basic.code
.tex)
(/usr/share/texlive/texmf-dist/tex/generic/pgf/math/pgfmathfunctions.trigonomet
ric.code.tex)
(/usr/share/texlive/texmf-dist/tex/generic/pgf/math/pgfmathfunctions.random.cod
e.tex)
(/usr/share/texlive/texmf-dist/tex/generic/pgf/math/pgfmathfunctions.comparison
.code.tex)
(/usr/share/texlive/texmf-dist/tex/generic/pgf/math/pgfmathfunctions.base.code.
tex)
(/usr/share/texlive/texmf-dist/tex/generic/pgf/math/pgfmathfunctions.round.code
.tex)
(/usr/share/texlive/texmf-dist/tex/generic/pgf/math/pgfmathfunctions.misc.code.
tex)
(/usr/share/texlive/texmf-dist/tex/generic/pgf/math/pgfmathfunctions.integerari
thmetics.code.tex)))
(/usr/share/texlive/texmf-dist/tex/generic/pgf/math/pgfmathfloat.code.tex
\c@pgfmathroundto@lastzeros=\count116
))
(/usr/share/texlive/texmf-dist/tex/generic/pgf/basiclayer/pgfcorepoints.code.te
x
File: pgfcorepoints.code.tex 2019/02/02 v3.1.1 (3.1.1)
\pgf@picminx=\dimen139
\pgf@picmaxx=\dimen140
\pgf@picminy=\dimen141
\pgf@picmaxy=\dimen142
\pgf@pathminx=\dimen143
\pgf@pathmaxx=\dimen144
\pgf@pathminy=\dimen145
\pgf@pathmaxy=\dimen146
\pgf@xx=\dimen147
\pgf@xy=\dimen148
\pgf@yx=\dimen149
\pgf@yy=\dimen150
\pgf@zx=\dimen151
\pgf@zy=\dimen152
)
(/usr/share/texlive/texmf-dist/tex/generic/pgf/basiclayer/pgfcorepathconstruct.
code.tex
File: pgfcorepathconstruct.code.tex 2019/02/02 v3.1.1 (3.1.1)
\pgf@path@lastx=\dimen153
\pgf@path@lasty=\dimen154
)
(/usr/share/texlive/texmf-dist/tex/generic/pgf/basiclayer/pgfcorepathusage.code
.tex
File: pgfcorepathusage.code.tex 2019/02/02 v3.1.1 (3.1.1)
\pgf@shorten@end@additional=\dimen155
\pgf@shorten@start@additional=\dimen156
)
(/usr/share/texlive/texmf-dist/tex/generic/pgf/basiclayer/pgfcorescopes.code.te
x
File: pgfcorescopes.code.tex 2019/02/02 v3.1.1 (3.1.1)
\pgfpic=\box37
\pgf@hbox=\box38
\pgf@layerbox@main=\box39
\pgf@picture@serial@count=\count117
)
(/usr/share/texlive/texmf-dist/tex/generic/pgf/basiclayer/pgfcoregraphicstate.c
ode.tex
File: pgfcoregraphicstate.code.tex 2019/02/02 v3.1.1 (3.1.1)
\pgflinewidth=\dimen157
)
(/usr/share/texlive/texmf-dist/tex/generic/pgf/basiclayer/pgfcoretransformation
s.code.tex
File: pgfcoretransformations.code.tex 2019/02/02 v3.1.1 (3.1.1)
\pgf@pt@x=\dimen158
\pgf@pt@y=\dimen159
\pgf@pt@temp=\dimen160
)
(/usr/share/texlive/texmf-dist/tex/generic/pgf/basiclayer/pgfcorequick.code.tex
File: pgfcorequick.code.tex 2019/02/02 v3.1.1 (3.1.1)
)
(/usr/share/texlive/texmf-dist/tex/generic/pgf/basiclayer/pgfcoreobjects.code.t
ex
File: pgfcoreobjects.code.tex 2019/02/02 v3.1.1 (3.1.1)
)
(/usr/share/texlive/texmf-dist/tex/generic/pgf/basiclayer/pgfcorepathprocessing
.code.tex
File: pgfcorepathprocessing.code.tex 2019/02/02 v3.1.1 (3.1.1)
)
(/usr/share/texlive/texmf-dist/tex/generic/pgf/basiclayer/pgfcorearrows.code.te
x
File: pgfcorearrows.code.tex 2019/02/02 v3.1.1 (3.1.1)
\pgfarrowsep=\dimen161
)
(/usr/share/texlive/texmf-dist/tex/generic/pgf/basiclayer/pgfcoreshade.code.tex
File: pgfcoreshade.code.tex 2019/02/02 v3.1.1 (3.1.1)
\pgf@max=\dimen162
\pgf@sys@shading@range@num=\count118
)
(/usr/share/texlive/texmf-dist/tex/generic/pgf/basiclayer/pgfcoreimage.code.tex
File: pgfcoreimage.code.tex 2019/02/02 v3.1.1 (3.1.1)

(/usr/share/texlive/texmf-dist/tex/generic/pgf/basiclayer/pgfcoreexternal.code.
tex
File: pgfcoreexternal.code.tex 2019/02/02 v3.1.1 (3.1.1)
\pgfexternal@startupbox=\box40
))
(/usr/share/texlive/texmf-dist/tex/generic/pgf/basiclayer/pgfcorelayers.code.te
x
File: pgfcorelayers.code.tex 2019/02/02 v3.1.1 (3.1.1)
)
(/usr/share/texlive/texmf-dist/tex/generic/pgf/basiclayer/pgfcoretransparency.c
ode.tex
File: pgfcoretransparency.code.tex 2019/02/02 v3.1.1 (3.1.1)
)
(/usr/share/texlive/texmf-dist/tex/generic/pgf/basiclayer/pgfcorepatterns.code.
tex
File: pgfcorepatterns.code.tex 2019/02/02 v3.1.1 (3.1.1)
)
(/usr/share/texlive/texmf-dist/tex/generic/pgf/basiclayer/pgfcorerdf.code.tex
File: pgfcorerdf.code.tex 2019/02/02 v3.1.1 (3.1.1)
))) (/usr/share/texlive/texmf-dist/tex/latex/pgf/utilities/xxcolor.sty
Package: xxcolor 2003/10/24 ver 0.1
\XC@nummixins=\count119
\XC@countmixins=\count120
)
(/usr/share/texlive/texmf-dist/tex/generic/oberdiek/atbegshi.sty
Package: atbegshi 2016/06/09 v1.18 At begin shipout hook (HO)

(/usr/share/texlive/texmf-dist/tex/generic/oberdiek/infwarerr.sty
Package: infwarerr 2016/05/16 v1.4 Providing info/warning/error messages (HO)
)
(/usr/share/texlive/texmf-dist/tex/generic/oberdiek/ltxcmds.sty
Package: ltxcmds 2016/05/16 v1.23 LaTeX kernel commands for general use (HO)
))
(/usr/share/texlive/texmf-dist/tex/latex/hyperref/hyperref.sty
Package: hyperref 2018/11/30 v6.88e Hypertext links for LaTeX

(/usr/share/texlive/texmf-dist/tex/generic/oberdiek/hobsub-hyperref.sty
Package: hobsub-hyperref 2016/05/16 v1.14 Bundle oberdiek, subset hyperref (HO)


(/usr/share/texlive/texmf-dist/tex/generic/oberdiek/hobsub-generic.sty
Package: hobsub-generic 2016/05/16 v1.14 Bundle oberdiek, subset generic (HO)
Package: hobsub 2016/05/16 v1.14 Construct package bundles (HO)
Package hobsub Info: Skipping package `infwarerr' (already loaded).
Package hobsub Info: Skipping package `ltxcmds' (already loaded).
Package: ifluatex 2016/05/16 v1.4 Provides the ifluatex switch (HO)
Package ifluatex Info: LuaTeX not detected.
Package hobsub Info: Skipping package `ifvtex' (already loaded).
Package: intcalc 2016/05/16 v1.2 Expandable calculations with integers (HO)
Package hobsub Info: Skipping package `ifpdf' (already loaded).
Package: etexcmds 2016/05/16 v1.6 Avoid name clashes with e-TeX commands (HO)
Package: kvsetkeys 2016/05/16 v1.17 Key value parser (HO)
Package: kvdefinekeys 2016/05/16 v1.4 Define keys (HO)
Package: pdftexcmds 2018/09/10 v0.29 Utility functions of pdfTeX for LuaTeX (HO
)
Package pdftexcmds Info: LuaTeX not detected.
Package pdftexcmds Info: \pdf@primitive is available.
Package pdftexcmds Info: \pdf@ifprimitive is available.
Package pdftexcmds Info: \pdfdraftmode found.
Package: pdfescape 2016/05/16 v1.14 Implements pdfTeX's escape features (HO)
Package: bigintcalc 2016/05/16 v1.4 Expandable calculations on big integers (HO
)
Package: bitset 2016/05/16 v1.2 Handle bit-vector datatype (HO)
Package: uniquecounter 2016/05/16 v1.3 Provide unlimited unique counter (HO)
)
Package hobsub Info: Skipping package `hobsub' (already loaded).
Package: letltxmacro 2016/05/16 v1.5 Let assignment for LaTeX macros (HO)
Package: hopatch 2016/05/16 v1.3 Wrapper for package hooks (HO)
Package: xcolor-patch 2016/05/16 xcolor patch
Package: atveryend 2016/05/16 v1.9 Hooks at the very end of document (HO)
Package hobsub Info: Skipping package `atbegshi' (already loaded).
Package: refcount 2016/05/16 v3.5 Data extraction from label references (HO)
Package: hycolor 2016/05/16 v1.8 Color options for hyperref/bookmark (HO)
)
(/usr/share/texlive/texmf-dist/tex/latex/oberdiek/auxhook.sty
Package: auxhook 2016/05/16 v1.4 Hooks for auxiliary files (HO)
)
(/usr/share/texlive/texmf-dist/tex/latex/oberdiek/kvoptions.sty
Package: kvoptions 2016/05/16 v3.12 Key value format for package options (HO)
)
\@linkdim=\dimen163
\Hy@linkcounter=\count121
\Hy@pagecounter=\count122

(/usr/share/texlive/texmf-dist/tex/latex/hyperref/pd1enc.def
File: pd1enc.def 2018/11/30 v6.88e Hyperref: PDFDocEncoding definition (HO)
Now handling font encoding PD1 ...
... no UTF-8 mapping file for font encoding PD1
)
\Hy@SavedSpaceFactor=\count123

(/usr/share/texlive/texmf-dist/tex/latex/latexconfig/hyperref.cfg
File: hyperref.cfg 2002/06/06 v1.2 hyperref configuration of TeXLive
)
Package hyperref Info: Option `bookmarks' set `true' on input line 4393.
Package hyperref Info: Option `bookmarksopen' set `true' on input line 4393.
Package hyperref Info: Option `implicit' set `false' on input line 4393.
Package hyperref Info: Hyper figures OFF on input line 4519.
Package hyperref Info: Link nesting OFF on input line 4524.
Package hyperref Info: Hyper index ON on input line 4527.
Package hyperref Info: Plain pages OFF on input line 4534.
Package hyperref Info: Backreferencing OFF on input line 4539.
Package hyperref Info: Implicit mode OFF; no redefinition of LaTeX internals.
Package hyperref Info: Bookmarks ON on input line 4772.
\c@Hy@tempcnt=\count124

(/usr/share/texlive/texmf-dist/tex/latex/url/url.sty
\Urlmuskip=\muskip10
Package: url 2013/09/16  ver 3.4  Verb mode for urls, etc.
)
LaTeX Info: Redefining \url on input line 5125.
\XeTeXLinkMargin=\dimen164
\Fld@menulength=\count125
\Field@Width=\dimen165
\Fld@charsize=\dimen166
Package hyperref Info: Hyper figures OFF on input line 6380.
Package hyperref Info: Link nesting OFF on input line 6385.
Package hyperref Info: Hyper index ON on input line 6388.
Package hyperref Info: backreferencing OFF on input line 6395.
Package hyperref Info: Link coloring OFF on input line 6400.
Package hyperref Info: Link coloring with OCG OFF on input line 6405.
Package hyperref Info: PDF/A mode OFF on input line 6410.
LaTeX Info: Redefining \ref on input line 6450.
LaTeX Info: Redefining \pageref on input line 6454.
\Hy@abspage=\count126


Package hyperref Message: Stopped early.

)
Package hyperref Info: Driver (autodetected): hpdftex.
 (/usr/share/texlive/texmf-dist/tex/latex/hyperref/hpdftex.def
File: hpdftex.def 2018/11/30 v6.88e Hyperref driver for pdfTeX
\Fld@listcount=\count127
\c@bookmark@seq@number=\count128

(/usr/share/texlive/texmf-dist/tex/latex/oberdiek/rerunfilecheck.sty
Package: rerunfilecheck 2016/05/16 v1.8 Rerun checks for auxiliary files (HO)
Package uniquecounter Info: New unique counter `rerunfilecheck' on input line 2
82.
))
(/usr/share/texlive/texmf-dist/tex/latex/beamer/beamerbaserequires.sty
(/usr/share/texlive/texmf-dist/tex/latex/beamer/beamerbasecompatibility.sty)
(/usr/share/texlive/texmf-dist/tex/latex/beamer/beamerbasefont.sty
(/usr/share/texlive/texmf-dist/tex/latex/amsfonts/amssymb.sty
Package: amssymb 2013/01/14 v3.01 AMS font symbols

(/usr/share/texlive/texmf-dist/tex/latex/amsfonts/amsfonts.sty
Package: amsfonts 2013/01/14 v3.01 Basic AMSFonts support
\@emptytoks=\toks26
\symAMSa=\mathgroup4
\symAMSb=\mathgroup5
LaTeX Font Info:    Overwriting math alphabet `\mathfrak' in version `bold'
(Font)                  U/euf/m/n --> U/euf/b/n on input line 106.
))
(/usr/share/texlive/texmf-dist/tex/latex/sansmathaccent/sansmathaccent.sty
Package: sansmathaccent 2013/03/28

(/usr/share/texlive/texmf-dist/tex/latex/filehook/filehook.sty
Package: filehook 2011/10/12 v0.5d Hooks for input files
)))
(/usr/share/texlive/texmf-dist/tex/latex/beamer/beamerbasetranslator.sty
(/usr/share/texlive/texmf-dist/tex/latex/translator/translator.sty
Package: translator 2018/01/04 v1.12 Easy translation of strings in LaTeX
))
(/usr/share/texlive/texmf-dist/tex/latex/beamer/beamerbasemisc.sty)
(/usr/share/texlive/texmf-dist/tex/latex/beamer/beamerbasetwoscreens.sty)
(/usr/share/texlive/texmf-dist/tex/latex/beamer/beamerbaseoverlay.sty
\beamer@argscount=\count129
\beamer@lastskipcover=\skip44
\beamer@trivlistdepth=\count130
)
(/usr/share/texlive/texmf-dist/tex/latex/beamer/beamerbasetitle.sty)
(/usr/share/texlive/texmf-dist/tex/latex/beamer/beamerbasesection.sty
\c@lecture=\count131
\c@part=\count132
\c@section=\count133
\c@subsection=\count134
\c@subsubsection=\count135
)
(/usr/share/texlive/texmf-dist/tex/latex/beamer/beamerbaseframe.sty
\beamer@framebox=\box41
\beamer@frametitlebox=\box42
\beamer@zoombox=\box43
\beamer@zoomcount=\count136
\beamer@zoomframecount=\count137
\beamer@frametextheight=\dimen167
\c@subsectionslide=\count138
\beamer@frametopskip=\skip45
\beamer@framebottomskip=\skip46
\beamer@frametopskipautobreak=\skip47
\beamer@framebottomskipautobreak=\skip48
\beamer@envbody=\toks27
\framewidth=\dimen168
\c@framenumber=\count139
)
(/usr/share/texlive/texmf-dist/tex/latex/beamer/beamerbaseverbatim.sty
\beamer@verbatimfileout=\write4
)
(/usr/share/texlive/texmf-dist/tex/latex/beamer/beamerbaseframesize.sty
\beamer@splitbox=\box44
\beamer@autobreakcount=\count140
\beamer@autobreaklastheight=\dimen169
\beamer@frametitletoks=\toks28
\beamer@framesubtitletoks=\toks29
)
(/usr/share/texlive/texmf-dist/tex/latex/beamer/beamerbaseframecomponents.sty
\beamer@footins=\box45
)
(/usr/share/texlive/texmf-dist/tex/latex/beamer/beamerbasecolor.sty)
(/usr/share/texlive/texmf-dist/tex/latex/beamer/beamerbasenotes.sty
\beamer@frameboxcopy=\box46
)
(/usr/share/texlive/texmf-dist/tex/latex/beamer/beamerbasetoc.sty)
(/usr/share/texlive/texmf-dist/tex/latex/beamer/beamerbasetemplates.sty
\beamer@sbttoks=\toks30

(/usr/share/texlive/texmf-dist/tex/latex/beamer/beamerbaseauxtemplates.sty
(/usr/share/texlive/texmf-dist/tex/latex/beamer/beamerbaseboxes.sty
\bmb@box=\box47
\bmb@colorbox=\box48
\bmb@boxshadow=\box49
\bmb@boxshadowball=\box50
\bmb@boxshadowballlarge=\box51
\bmb@temp=\dimen170
\bmb@dima=\dimen171
\bmb@dimb=\dimen172
\bmb@prevheight=\dimen173
)
\beamer@blockheadheight=\dimen174
))
(/usr/share/texlive/texmf-dist/tex/latex/beamer/beamerbaselocalstructure.sty
(/usr/share/texlive/texmf-dist/tex/latex/tools/enumerate.sty
Package: enumerate 2015/07/23 v3.00 enumerate extensions (DPC)
\@enLab=\toks31
)
\c@figure=\count141
\c@table=\count142
\abovecaptionskip=\skip49
\belowcaptionskip=\skip50
)
(/usr/share/texlive/texmf-dist/tex/latex/beamer/beamerbasenavigation.sty
\beamer@section@min@dim=\dimen175
)
(/usr/share/texlive/texmf-dist/tex/latex/beamer/beamerbasetheorems.sty
(/usr/share/texlive/texmf-dist/tex/latex/amsmath/amsmath.sty
Package: amsmath 2018/12/01 v2.17b AMS math features
\@mathmargin=\skip51

For additional information on amsmath, use the `?' option.
(/usr/share/texlive/texmf-dist/tex/latex/amsmath/amstext.sty
Package: amstext 2000/06/29 v2.01 AMS text

(/usr/share/texlive/texmf-dist/tex/latex/amsmath/amsgen.sty
File: amsgen.sty 1999/11/30 v2.0 generic functions
\@emptytoks=\toks32
\ex@=\dimen176
))
(/usr/share/texlive/texmf-dist/tex/latex/amsmath/amsbsy.sty
Package: amsbsy 1999/11/29 v1.2d Bold Symbols
\pmbraise@=\dimen177
)
(/usr/share/texlive/texmf-dist/tex/latex/amsmath/amsopn.sty
Package: amsopn 2016/03/08 v2.02 operator names
)
\inf@bad=\count143
LaTeX Info: Redefining \frac on input line 223.
\uproot@=\count144
\leftroot@=\count145
LaTeX Info: Redefining \overline on input line 385.
\classnum@=\count146
\DOTSCASE@=\count147
LaTeX Info: Redefining \ldots on input line 482.
LaTeX Info: Redefining \dots on input line 485.
LaTeX Info: Redefining \cdots on input line 606.
\Mathstrutbox@=\box52
\strutbox@=\box53
\big@size=\dimen178
LaTeX Font Info:    Redeclaring font encoding OML on input line 729.
LaTeX Font Info:    Redeclaring font encoding OMS on input line 730.
\macc@depth=\count148
\c@MaxMatrixCols=\count149
\dotsspace@=\muskip11
\c@parentequation=\count150
\dspbrk@lvl=\count151
\tag@help=\toks33
\row@=\count152
\column@=\count153
\maxfields@=\count154
\andhelp@=\toks34
\eqnshift@=\dimen179
\alignsep@=\dimen180
\tagshift@=\dimen181
\tagwidth@=\dimen182
\totwidth@=\dimen183
\lineht@=\dimen184
\@envbody=\toks35
\multlinegap=\skip52
\multlinetaggap=\skip53
\mathdisplay@stack=\toks36
LaTeX Info: Redefining \[ on input line 2844.
LaTeX Info: Redefining \] on input line 2845.
)
(/usr/share/texlive/texmf-dist/tex/latex/amscls/amsthm.sty
Package: amsthm 2017/10/31 v2.20.4
\thm@style=\toks37
\thm@bodyfont=\toks38
\thm@headfont=\toks39
\thm@notefont=\toks40
\thm@headpunct=\toks41
\thm@preskip=\skip54
\thm@postskip=\skip55
\thm@headsep=\skip56
\dth@everypar=\toks42
)
\c@theorem=\count155
)
(/usr/share/texlive/texmf-dist/tex/latex/beamer/beamerbasethemes.sty))
(/usr/share/texlive/texmf-dist/tex/latex/beamer/beamerthemedefault.sty
(/usr/share/texlive/texmf-dist/tex/latex/beamer/beamerfontthemedefault.sty)
(/usr/share/texlive/texmf-dist/tex/latex/beamer/beamercolorthemedefault.sty)
(/usr/share/texlive/texmf-dist/tex/latex/beamer/beamerinnerthemedefault.sty
\beamer@dima=\dimen185
\beamer@dimb=\dimen186
)
(/usr/share/texlive/texmf-dist/tex/latex/beamer/beamerouterthemedefault.sty)))
(/usr/share/texlive/texmf-dist/tex/latex/beamer/beamerthemeFrankfurt.sty
(/usr/share/texlive/texmf-dist/tex/latex/beamer/beamerouterthemesmoothbars.sty)
(/usr/share/texlive/texmf-dist/tex/latex/beamer/beamerinnerthemerounded.sty)
(/usr/share/texlive/texmf-dist/tex/latex/beamer/beamercolorthemeorchid.sty)
(/usr/share/texlive/texmf-dist/tex/latex/beamer/beamercolorthemewhale.sty))
(/usr/share/texlive/texmf-dist/tex/latex/base/inputenc.sty
Package: inputenc 2018/08/11 v1.3c Input encoding file
\inpenc@prehook=\toks43
\inpenc@posthook=\toks44
)
(/usr/share/texlive/texmf-dist/tex/generic/babel/babel.sty
Package: babel 2018/11/13 3.27 The Babel package

(/usr/share/texlive/texmf-dist/tex/generic/babel/switch.def
File: switch.def 2018/11/13 3.27 Babel switching mechanism
)
(/usr/share/texlive/texmf-dist/tex/generic/babel-spanish/spanish.ldf
Language: spanish.ldf 2016/03/03 v5.0p Spanish support from the babel system

(/usr/share/texlive/texmf-dist/tex/generic/babel/babel.def
File: babel.def 2018/11/13 3.27 Babel common definitions
\babel@savecnt=\count156
\U@D=\dimen187

(/usr/share/texlive/texmf-dist/tex/generic/babel/txtbabel.def)
LaTeX Info: Redefining \textlatin on input line 2003.
\bbl@dirlevel=\count157
)
\es@quottoks=\toks45
\es@quotdepth=\count158
Package babel Info: Making " an active character on input line 561.
Package babel Info: Making . an active character on input line 662.
Package babel Info: Making < an active character on input line 707.
Package babel Info: Making > an active character on input line 707.
))
(./librerias.tex (/usr/share/texlive/texmf-dist/tex/latex/ms/ragged2e.sty
Package: ragged2e 2009/05/21 v2.1 ragged2e Package (MS)

(/usr/share/texlive/texmf-dist/tex/latex/ms/everysel.sty
Package: everysel 2011/10/28 v1.2 EverySelectfont Package (MS)
)
\CenteringLeftskip=\skip57
\RaggedLeftLeftskip=\skip58
\RaggedRightLeftskip=\skip59
\CenteringRightskip=\skip60
\RaggedLeftRightskip=\skip61
\RaggedRightRightskip=\skip62
\CenteringParfillskip=\skip63
\RaggedLeftParfillskip=\skip64
\RaggedRightParfillskip=\skip65
\JustifyingParfillskip=\skip66
\CenteringParindent=\skip67
\RaggedLeftParindent=\skip68
\RaggedRightParindent=\skip69
\JustifyingParindent=\skip70
)
(/usr/share/texlive/texmf-dist/tex/latex/comment/comment.sty
\CommentStream=\write5

Excluding comment 'comment')
(/usr/share/texlive/texmf-dist/tex/latex/pdfpages/pdfpages.sty
Package: pdfpages 2017/10/31 v0.5l Insert pages of external PDF documents (AM)

(/usr/share/texlive/texmf-dist/tex/latex/base/ifthen.sty
Package: ifthen 2014/09/29 v1.1c Standard LaTeX ifthen package (DPC)
)
(/usr/share/texlive/texmf-dist/tex/latex/tools/calc.sty
Package: calc 2017/05/25 v4.3 Infix arithmetic (KKT,FJ)
\calc@Acount=\count159
\calc@Bcount=\count160
\calc@Adimen=\dimen188
\calc@Bdimen=\dimen189
\calc@Askip=\skip71
\calc@Bskip=\skip72
LaTeX Info: Redefining \setlength on input line 80.
LaTeX Info: Redefining \addtolength on input line 81.
\calc@Ccount=\count161
\calc@Cskip=\skip73
)
(/usr/share/texlive/texmf-dist/tex/latex/eso-pic/eso-pic.sty
Package: eso-pic 2018/04/12 v2.0h eso-pic (RN)
)
\AM@pagewidth=\dimen190
\AM@pageheight=\dimen191

(/usr/share/texlive/texmf-dist/tex/latex/pdfpages/pppdftex.def
File: pppdftex.def 2017/10/31 v0.5l Pdfpages driver for pdfTeX (AM)
)
\AM@pagebox=\box54
\AM@global@opts=\toks46
\AM@toc@title=\toks47
\c@AM@survey=\count162
\AM@templatesizebox=\box55
)
(/usr/share/texlive/texmf-dist/tex/latex/setspace/setspace.sty
Package: setspace 2011/12/19 v6.7a set line spacing
)
(/usr/share/texlive/texmf-dist/tex/latex/makecell/makecell.sty
Package: makecell 2009/08/03 V0.1e Managing of Tab Column Heads and Cells

(/usr/share/texlive/texmf-dist/tex/latex/tools/array.sty
Package: array 2018/12/30 v2.4k Tabular extension package (FMi)
\col@sep=\dimen192
\ar@mcellbox=\box56
\extrarowheight=\dimen193
\NC@list=\toks48
\extratabsurround=\skip74
\backup@length=\skip75
\ar@cellbox=\box57
)
\rotheadsize=\dimen194
\c@nlinenum=\count163
\TeXr@lab=\toks49
)
(/usr/share/texlive/texmf-dist/tex/latex/colortbl/colortbl.sty
Package: colortbl 2018/12/12 v1.0d Color table columns (DPC)
\everycr=\toks50
\minrowclearance=\skip76
)
(/usr/share/texlive/texmf-dist/tex/latex/enumitem/enumitem.sty
Package: enumitem 2019/02/04 v3.8 Customized lists
\labelindent=\skip77
\enit@outerparindent=\dimen195
\enit@toks=\toks51
\enit@inbox=\box58
\enit@count@id=\count164
\enitdp@description=\count165
)
(/usr/share/texlive/texmf-dist/tex/latex/tools/multicol.sty
Package: multicol 2018/12/27 v1.8v multicolumn formatting (FMi)
\c@tracingmulticols=\count166
\mult@box=\box59
\multicol@leftmargin=\dimen196
\c@unbalance=\count167
\c@collectmore=\count168
\doublecol@number=\count169
\multicoltolerance=\count170
\multicolpretolerance=\count171
\full@width=\dimen197
\page@free=\dimen198
\premulticols=\dimen199
\postmulticols=\dimen256
\multicolsep=\skip78
\multicolbaselineskip=\skip79
\partial@page=\box60
\last@line=\box61
\maxbalancingoverflow=\dimen257
\mult@rightbox=\box62
\mult@grightbox=\box63
\mult@gfirstbox=\box64
\mult@firstbox=\box65
\@tempa=\box66
\@tempa=\box67
\@tempa=\box68
\@tempa=\box69
\@tempa=\box70
\@tempa=\box71
\@tempa=\box72
\@tempa=\box73
\@tempa=\box74
\@tempa=\box75
\@tempa=\box76
\@tempa=\box77
\@tempa=\box78
\@tempa=\box79
\@tempa=\box80
\@tempa=\box81
\@tempa=\box82
\c@columnbadness=\count172
\c@finalcolumnbadness=\count173
\last@try=\dimen258
\multicolovershoot=\dimen259
\multicolundershoot=\dimen260
\mult@nat@firstbox=\box83
\colbreak@box=\box84
\mc@col@check@num=\count174
)
(/usr/share/texlive/texmf-dist/tex/latex/caption/subcaption.sty
Package: subcaption 2018/05/01 v1.1-162 Sub-captions (AR)

(/usr/share/texlive/texmf-dist/tex/latex/caption/caption.sty
Package: caption 2018/10/06 v3.3-154 Customizing captions (AR)

(/usr/share/texlive/texmf-dist/tex/latex/caption/caption3.sty
Package: caption3 2018/09/12 v1.8c caption3 kernel (AR)
Package caption3 Info: TeX engine: e-TeX on input line 64.
\captionmargin=\dimen261
\captionmargin@=\dimen262
\captionwidth=\dimen263
\caption@tempdima=\dimen264
\caption@indent=\dimen265
\caption@parindent=\dimen266
\caption@hangindent=\dimen267
)
\c@caption@flags=\count175
\c@ContinuedFloat=\count176
Package caption Info: beamer document class.
Package caption Info: hyperref package is loaded.
Package caption Info: Hyperref support is turned off
(caption)             because hyperref has stopped early.
)
\c@subfigure=\count177
\c@subtable=\count178
)
(/usr/share/texlive/texmf-dist/tex/latex/steinmetz/steinmetz.sty
Package: steinmetz 2009/06/14 v1.0 Steinmetz symbol for electrotechnics

(/usr/share/texlive/texmf-dist/tex/latex/pict2e/pict2e.sty
Package: pict2e 2016/02/05 v0.3b Improved picture commands (HjG,RN,JT)

(/usr/share/texlive/texmf-dist/tex/latex/pict2e/pict2e.cfg
File: pict2e.cfg 2016/02/05 v0.1u pict2e configuration for teTeX/TeXLive
)
Package pict2e Info: Driver file: pdftex.def on input line 119.
Package pict2e Info: Driver file for pict2e: p2e-pdftex.def on input line 121.

(/usr/share/texlive/texmf-dist/tex/latex/pict2e/p2e-pdftex.def
File: p2e-pdftex.def 2016/02/05 v0.1u Driver-dependant file (RN,HjG,JT)
)
\pIIe@GRAPH=\toks52
\@arclen=\dimen268
\@arcrad=\dimen269
\@tempdimd=\dimen270
)
\stm@phasebox=\box85
\stm@phasedp=\skip80
\stm@phaseht=\skip81
\stm@phasetot=\skip82
\stm@phasewd=\skip83
)
\sympureletters=\mathgroup6
LaTeX Font Info:    Overwriting symbol font `pureletters' in version `bold'
(Font)                  OT1/mathkerncmss/m/sl --> OT1/mathkerncmss/bx/sl on inp
ut line 21.

(/usr/share/texlive/texmf-dist/tex/latex/tools/bm.sty
Package: bm 2017/01/16 v1.2c Bold Symbol Support (DPC/FMi)
\symboldoperators=\mathgroup7
\symboldletters=\mathgroup8
\symboldsymbols=\mathgroup9
\symboldpureletters=\mathgroup10
LaTeX Font Info:    Redeclaring math alphabet \mathbf on input line 141.
LaTeX Info: Redefining \bm on input line 207.
)
(/usr/share/texlive/texmf-dist/tex/latex/beamer/beamerfontthemeserif.sty)
\c@defn=\count179
\c@exmp=\count180
\c@law=\count181

(/usr/share/texlive/texmf-dist/tex/latex/listings/listings.sty
\lst@mode=\count182
\lst@gtempboxa=\box86
\lst@token=\toks53
\lst@length=\count183
\lst@currlwidth=\dimen271
\lst@column=\count184
\lst@pos=\count185
\lst@lostspace=\dimen272
\lst@width=\dimen273
\lst@newlines=\count186
\lst@lineno=\count187
\lst@maxwidth=\dimen274

(/usr/share/texlive/texmf-dist/tex/latex/listings/lstmisc.sty
File: lstmisc.sty 2018/09/02 1.7 (Carsten Heinz)
\c@lstnumber=\count188
\lst@skipnumbers=\count189
\lst@framebox=\box87
)
(/usr/share/texlive/texmf-dist/tex/latex/listings/listings.cfg
File: listings.cfg 2018/09/02 1.7 listings configuration
))
Package: listings 2018/09/02 1.7 (Carsten Heinz)
) (./main.aux
LaTeX Info: Redefining \. on input line 23.
LaTeX Info: Redefining \% on input line 23.


LaTeX Warning: Label `fig:fase_imp_osc' multiply defined.


LaTeX Warning: Label `fig:temporal_imp' multiply defined.

)
\openout1 = `main.aux'.

LaTeX Font Info:    Checking defaults for OML/cmm/m/it on input line 23.
LaTeX Font Info:    ... okay on input line 23.
LaTeX Font Info:    Checking defaults for T1/cmr/m/n on input line 23.
LaTeX Font Info:    ... okay on input line 23.
LaTeX Font Info:    Checking defaults for OT1/cmr/m/n on input line 23.
LaTeX Font Info:    ... okay on input line 23.
LaTeX Font Info:    Checking defaults for OMS/cmsy/m/n on input line 23.
LaTeX Font Info:    ... okay on input line 23.
LaTeX Font Info:    Checking defaults for OMX/cmex/m/n on input line 23.
LaTeX Font Info:    ... okay on input line 23.
LaTeX Font Info:    Checking defaults for U/cmr/m/n on input line 23.
LaTeX Font Info:    ... okay on input line 23.
LaTeX Font Info:    Checking defaults for PD1/pdf/m/n on input line 23.
LaTeX Font Info:    ... okay on input line 23.

*geometry* driver: auto-detecting
*geometry* detected driver: pdftex
*geometry* verbose mode - [ preamble ] result:
* driver: pdftex
* paper: custom
* layout: <same size as paper>
* layoutoffset:(h,v)=(0.0pt,0.0pt)
* modes: includehead includefoot 
* h-part:(L,W,R)=(28.45274pt, 307.28987pt, 28.45274pt)
* v-part:(T,H,B)=(0.0pt, 273.14662pt, 0.0pt)
* \paperwidth=364.19536pt
* \paperheight=273.14662pt
* \textwidth=307.28987pt
* \textheight=244.6939pt
* \oddsidemargin=-43.81725pt
* \evensidemargin=-43.81725pt
* \topmargin=-72.26999pt
* \headheight=14.22636pt
* \headsep=0.0pt
* \topskip=10.0pt
* \footskip=14.22636pt
* \marginparwidth=3.0pt
* \marginparsep=11.0pt
* \columnsep=10.0pt
* \skip\footins=9.0pt plus 4.0pt minus 2.0pt
* \hoffset=0.0pt
* \voffset=0.0pt
* \mag=1000
* \@twocolumnfalse
* \@twosidefalse
* \@mparswitchfalse
* \@reversemarginfalse
* (1in=72.27pt=25.4mm, 1cm=28.453pt)

(/usr/share/texlive/texmf-dist/tex/context/base/mkii/supp-pdf.mkii
[Loading MPS to PDF converter (version 2006.09.02).]
\scratchcounter=\count190
\scratchdimen=\dimen275
\scratchbox=\box88
\nofMPsegments=\count191
\nofMParguments=\count192
\everyMPshowfont=\toks54
\MPscratchCnt=\count193
\MPscratchDim=\dimen276
\MPnumerator=\count194
\makeMPintoPDFobject=\count195
\everyMPtoPDFconversion=\toks55
) (/usr/share/texlive/texmf-dist/tex/latex/oberdiek/epstopdf-base.sty
Package: epstopdf-base 2016/05/15 v2.6 Base part for package epstopdf

(/usr/share/texlive/texmf-dist/tex/latex/oberdiek/grfext.sty
Package: grfext 2016/05/16 v1.2 Manage graphics extensions (HO)
)
Package epstopdf-base Info: Redefining graphics rule for `.eps' on input line 4
38.
Package grfext Info: Graphics extension search list:
(grfext)             [.pdf,.png,.jpg,.mps,.jpeg,.jbig2,.jb2,.PDF,.PNG,.JPG,.JPE
G,.JBIG2,.JB2,.eps]
(grfext)             \AppendGraphicsExtensions on input line 456.

(/usr/share/texlive/texmf-dist/tex/latex/latexconfig/epstopdf-sys.cfg
File: epstopdf-sys.cfg 2010/07/13 v1.3 Configuration of (r)epstopdf for TeX Liv
e
))
ABD: EveryShipout initializing macros
\AtBeginShipoutBox=\box89
Package hyperref Info: Link coloring OFF on input line 23.

(/usr/share/texlive/texmf-dist/tex/latex/hyperref/nameref.sty
Package: nameref 2016/05/21 v2.44 Cross-referencing by name of section

(/usr/share/texlive/texmf-dist/tex/generic/oberdiek/gettitlestring.sty
Package: gettitlestring 2016/05/16 v1.5 Cleanup title references (HO)
)
\c@section@level=\count196
)
LaTeX Info: Redefining \ref on input line 23.
LaTeX Info: Redefining \pageref on input line 23.
LaTeX Info: Redefining \nameref on input line 23.

(./main.out) (./main.out)
\@outlinefile=\write6
\openout6 = `main.out'.


(/usr/share/texlive/texmf-dist/tex/latex/translator/translator-basic-dictionary
-English.dict
Dictionary: translator-basic-dictionary, Language: English 
)
(/usr/share/texlive/texmf-dist/tex/latex/translator/translator-bibliography-dic
tionary-English.dict
Dictionary: translator-bibliography-dictionary, Language: English 
)
(/usr/share/texlive/texmf-dist/tex/latex/translator/translator-environment-dict
ionary-English.dict
Dictionary: translator-environment-dictionary, Language: English 
)
(/usr/share/texlive/texmf-dist/tex/latex/translator/translator-months-dictionar
y-English.dict
Dictionary: translator-months-dictionary, Language: English 
)
(/usr/share/texlive/texmf-dist/tex/latex/translator/translator-numbers-dictiona
ry-English.dict
Dictionary: translator-numbers-dictionary, Language: English 
)
(/usr/share/texlive/texmf-dist/tex/latex/translator/translator-theorem-dictiona
ry-English.dict
Dictionary: translator-theorem-dictionary, Language: English 
)
LaTeX Info: Redefining \. on input line 23.
LaTeX Info: Redefining \% on input line 23.
 ABD: EverySelectfont initializing macros
LaTeX Info: Redefining \selectfont on input line 23.

(/usr/share/texlive/texmf-dist/tex/latex/oberdiek/pdflscape.sty
Package: pdflscape 2016/05/14 v0.11 Display of landscape pages in PDF (HO)

(/usr/share/texlive/texmf-dist/tex/latex/graphics/lscape.sty
Package: lscape 2000/10/22 v3.01 Landscape Pages (DPC)
)
Package pdflscape Info: Auto-detected driver: pdftex on input line 81.
)
Package caption Info: Begin \AtBeginDocument code.
Package caption Info: listings package is loaded.
Package caption Info: End \AtBeginDocument code.
\c@lstlisting=\count197
 (./main.nav)
<logoinaoe.png, id=121, 243.91125pt x 247.67531pt>
File: logoinaoe.png Graphic file (type png)
<use logoinaoe.png>
Package pdftex.def Info: logoinaoe.png  used on input line 58.
(pdftex.def)             Requested size: 71.13188pt x 72.22836pt.

[1

{/var/lib/texmf/fonts/map/pdftex/updmap/pdftex.map} <./logoinaoe.png>]
(./main.toc
LaTeX Info: Redefining \. on input line 1.
LaTeX Info: Redefining \% on input line 1.
) [2

]
LaTeX Font Info:    Try loading font information for U+msa on input line 91.
 (/usr/share/texlive/texmf-dist/tex/latex/amsfonts/umsa.fd
File: umsa.fd 2013/01/14 v3.01 AMS symbols A
)
LaTeX Font Info:    Try loading font information for U+msb on input line 91.

(/usr/share/texlive/texmf-dist/tex/latex/amsfonts/umsb.fd
File: umsb.fd 2013/01/14 v3.01 AMS symbols B
)
LaTeX Font Info:    Try loading font information for OT1+mathkerncmss on input 
line 91.

(/usr/share/texlive/texmf-dist/tex/latex/sansmathaccent/ot1mathkerncmss.fd
File: ot1mathkerncmss.fd 2013/03/27 Fontinst v1.933 font definitions for OT1/ma
thkerncmss.
)
Underfull \hbox (badness 1622) in paragraph at lines 91--91
[]\OT1/cmss/m/n/10 Es un ^^Sarea de opor-tu-ni-dad
 []

[3

] [4

] [5

] [6

]
Package epstopdf Info: Source file: <imagenes/A3_derivada_x.eps>
(epstopdf)                    date: 2020-02-05 16:39:34
(epstopdf)                    size: 162119 bytes
(epstopdf)             Output file: <imagenes/A3_derivada_x-eps-converted-to.pd
f>
(epstopdf)                    date: 2020-02-05 19:27:18
(epstopdf)                    size: 61614 bytes
(epstopdf)             Command: <repstopdf --outfile=imagenes/A3_derivada_x-eps
-converted-to.pdf imagenes/A3_derivada_x.eps>
(epstopdf)             \includegraphics on input line 164.
Package epstopdf Info: Output file is already uptodate.


pdfTeX warning: /usr/bin/pdflatex (file ./imagenes/A3_derivada_x-eps-converted-
to.pdf): PDF inclusion: found PDF version <1.7>, but at most version <1.5> allo
wed
<imagenes/A3_derivada_x-eps-converted-to.pdf, id=738, 421.575pt x 316.18124pt>
File: imagenes/A3_derivada_x-eps-converted-to.pdf Graphic file (type pdf)
<use imagenes/A3_derivada_x-eps-converted-to.pdf>
Package pdftex.def Info: imagenes/A3_derivada_x-eps-converted-to.pdf  used on i
nput line 164.
(pdftex.def)             Requested size: 256.0748pt x 192.05975pt.

Overfull \vbox (2.96855pt too high) detected at line 164
 []

[7

 <./imagenes/A3_derivada_x-eps-converted-to.pdf>] [8

] [9

] [10

] [11

] [12

]
[13

] [14

]

LaTeX Warning: File `../imagenes/F1_bode_integrador_alpha05.eps' not found on i
nput line 312.

Package epstopdf Info: Source file: <../imagenes/F1_bode_integrador_alpha05.eps
>
(epstopdf)             Output file: <../imagenes/F1_bode_integrador_alpha05-eps
-converted-to.pdf>
(epstopdf)             Command: <repstopdf --outfile=../imagenes/F1_bode_integr
ador_alpha05-eps-converted-to.pdf ../imagenes/F1_bode_integrador_alpha05.eps>
(epstopdf)             \includegraphics on input line 312.
Package epstopdf Info: Output file is already uptodate.

! Package pdftex.def Error: File `../imagenes/F1_bode_integrador_alpha05-eps-co
nverted-to.pdf' not found: using draft setting.

See the pdftex.def package documentation for explanation.
Type  H <return>  for immediate help.
 ...                                              
                                                  
l.312 	\end{frame}
                  
Try typing  <return>  to proceed.
If that doesn't work, type  X <return>  to quit.


Overfull \vbox (67.05394pt too high) detected at line 312
 []

[15

] [16

]

LaTeX Warning: File `../imagenes/F6_bode_magnitud_norm_c.eps' not found on inpu
t line 350.

Package epstopdf Info: Source file: <../imagenes/F6_bode_magnitud_norm_c.eps>
(epstopdf)             Output file: <../imagenes/F6_bode_magnitud_norm_c-eps-co
nverted-to.pdf>
(epstopdf)             Command: <repstopdf --outfile=../imagenes/F6_bode_magnit
ud_norm_c-eps-converted-to.pdf ../imagenes/F6_bode_magnitud_norm_c.eps>
(epstopdf)             \includegraphics on input line 350.
Package epstopdf Info: Output file is already uptodate.

! Package pdftex.def Error: File `../imagenes/F6_bode_magnitud_norm_c-eps-conve
rted-to.pdf' not found: using draft setting.

See the pdftex.def package documentation for explanation.
Type  H <return>  for immediate help.
 ...                                              
                                                  
l.350 	\end{frame}
                  	
Try typing  <return>  to proceed.
If that doesn't work, type  X <return>  to quit.


Overfull \hbox (15.15718pt too wide) in paragraph at lines 350--350
 [] 
 []


Overfull \vbox (116.74808pt too high) detected at line 350
 []

[17

]

LaTeX Warning: File `../imagenes/F7_bode_fase_norm_c.eps' not found on input li
ne 361.

Package epstopdf Info: Source file: <../imagenes/F7_bode_fase_norm_c.eps>
(epstopdf)             Output file: <../imagenes/F7_bode_fase_norm_c-eps-conver
ted-to.pdf>
(epstopdf)             Command: <repstopdf --outfile=../imagenes/F7_bode_fase_n
orm_c-eps-converted-to.pdf ../imagenes/F7_bode_fase_norm_c.eps>
(epstopdf)             \includegraphics on input line 361.
Package epstopdf Info: Output file is already uptodate.

! Package pdftex.def Error: File `../imagenes/F7_bode_fase_norm_c-eps-converted
-to.pdf' not found: using draft setting.

See the pdftex.def package documentation for explanation.
Type  H <return>  for immediate help.
 ...                                              
                                                  
l.361 	\end{frame}
                  	
Try typing  <return>  to proceed.
If that doesn't work, type  X <return>  to quit.


Overfull \hbox (15.15718pt too wide) in paragraph at lines 361--361
 [] 
 []


Overfull \vbox (116.74808pt too high) detected at line 361
 []

[18

]

LaTeX Warning: File `../imagenes/F8_bode_error_mag_norm_c.eps' not found on inp
ut line 372.

Package epstopdf Info: Source file: <../imagenes/F8_bode_error_mag_norm_c.eps>
(epstopdf)             Output file: <../imagenes/F8_bode_error_mag_norm_c-eps-c
onverted-to.pdf>
(epstopdf)             Command: <repstopdf --outfile=../imagenes/F8_bode_error_
mag_norm_c-eps-converted-to.pdf ../imagenes/F8_bode_error_mag_norm_c.eps>
(epstopdf)             \includegraphics on input line 372.
Package epstopdf Info: Output file is already uptodate.

! Package pdftex.def Error: File `../imagenes/F8_bode_error_mag_norm_c-eps-conv
erted-to.pdf' not found: using draft setting.

See the pdftex.def package documentation for explanation.
Type  H <return>  for immediate help.
 ...                                              
                                                  
l.372 	\end{frame}
                  	
Try typing  <return>  to proceed.
If that doesn't work, type  X <return>  to quit.


Overfull \hbox (15.15718pt too wide) in paragraph at lines 372--372
 [] 
 []


Overfull \vbox (116.74808pt too high) detected at line 372
 []

[19

]

LaTeX Warning: File `../imagenes/F9_bode_error_fase_norm_c.eps' not found on in
put line 383.

Package epstopdf Info: Source file: <../imagenes/F9_bode_error_fase_norm_c.eps>

(epstopdf)             Output file: <../imagenes/F9_bode_error_fase_norm_c-eps-
converted-to.pdf>
(epstopdf)             Command: <repstopdf --outfile=../imagenes/F9_bode_error_
fase_norm_c-eps-converted-to.pdf ../imagenes/F9_bode_error_fase_norm_c.eps>
(epstopdf)             \includegraphics on input line 383.
Package epstopdf Info: Output file is already uptodate.

! Package pdftex.def Error: File `../imagenes/F9_bode_error_fase_norm_c-eps-con
verted-to.pdf' not found: using draft setting.

See the pdftex.def package documentation for explanation.
Type  H <return>  for immediate help.
 ...                                              
                                                  
l.383 	\end{frame}
                  	
Try typing  <return>  to proceed.
If that doesn't work, type  X <return>  to quit.


Overfull \hbox (15.15718pt too wide) in paragraph at lines 383--383
 [] 
 []


Overfull \vbox (116.74808pt too high) detected at line 383
 []

[20

] [21

] [22

]

LaTeX Warning: File `../imagenes/X6_conexiones_AD2.eps' not found on input line
 450.

Package epstopdf Info: Source file: <../imagenes/X6_conexiones_AD2.eps>
(epstopdf)             Output file: <../imagenes/X6_conexiones_AD2-eps-converte
d-to.pdf>
(epstopdf)             Command: <repstopdf --outfile=../imagenes/X6_conexiones_
AD2-eps-converted-to.pdf ../imagenes/X6_conexiones_AD2.eps>
(epstopdf)             \includegraphics on input line 450.
Package epstopdf Info: Output file is already uptodate.

! Package pdftex.def Error: File `../imagenes/X6_conexiones_AD2-eps-converted-t
o.pdf' not found: using draft setting.

See the pdftex.def package documentation for explanation.
Type  H <return>  for immediate help.
 ...                                              
                                                  
l.450 	\end{frame}
                  
Try typing  <return>  to proceed.
If that doesn't work, type  X <return>  to quit.


Overfull \vbox (9.3491pt too high) detected at line 450
 []

[23

] [24

]
Package epstopdf Info: Source file: <imagenes/descripcion.eps>
(epstopdf)                    date: 2020-02-05 15:27:40
(epstopdf)                    size: 327522 bytes
(epstopdf)             Output file: <imagenes/descripcion-eps-converted-to.pdf>

(epstopdf)                    date: 2020-02-05 19:27:32
(epstopdf)                    size: 142226 bytes
(epstopdf)             Command: <repstopdf --outfile=imagenes/descripcion-eps-c
onverted-to.pdf imagenes/descripcion.eps>
(epstopdf)             \includegraphics on input line 478.
Package epstopdf Info: Output file is already uptodate.


pdfTeX warning: /usr/bin/pdflatex (file ./imagenes/descripcion-eps-converted-to
.pdf): PDF inclusion: found PDF version <1.7>, but at most version <1.5> allowe
d
<imagenes/descripcion-eps-converted-to.pdf, id=2555, 1160.335pt x 460.72125pt>
File: imagenes/descripcion-eps-converted-to.pdf Graphic file (type pdf)
<use imagenes/descripcion-eps-converted-to.pdf>
Package pdftex.def Info: imagenes/descripcion-eps-converted-to.pdf  used on inp
ut line 478.
(pdftex.def)             Requested size: 341.43306pt x 135.56711pt.

Overfull \hbox (34.14319pt too wide) in paragraph at lines 478--478
 [] 
 []

[25

 <./imagenes/descripcion-eps-converted-to.pdf>] [26

]

LaTeX Warning: File `../imagenes/F12_bode_1er_orden_escalado.eps' not found on 
input line 511.

Package epstopdf Info: Source file: <../imagenes/F12_bode_1er_orden_escalado.ep
s>
(epstopdf)             Output file: <../imagenes/F12_bode_1er_orden_escalado-ep
s-converted-to.pdf>
(epstopdf)             Command: <repstopdf --outfile=../imagenes/F12_bode_1er_o
rden_escalado-eps-converted-to.pdf ../imagenes/F12_bode_1er_orden_escalado.eps>

(epstopdf)             \includegraphics on input line 511.
Package epstopdf Info: Output file is already uptodate.

! Package pdftex.def Error: File `../imagenes/F12_bode_1er_orden_escalado-eps-c
onverted-to.pdf' not found: using draft setting.

See the pdftex.def package documentation for explanation.
Type  H <return>  for immediate help.
 ...                                              
                                                  
l.511 	\end{frame}
                  
Try typing  <return>  to proceed.
If that doesn't work, type  X <return>  to quit.


Overfull \vbox (49.54448pt too high) detected at line 511
 []

[27

] [28

]
Overfull \hbox (22.2306pt too wide) in paragraph at lines 605--605
 [] 
 []


LaTeX Warning: File `../imagenes/T11_Analisis_de_frecuencias_FilterBilinear.eps
' not found on input line 605.

Package epstopdf Info: Source file: <../imagenes/T11_Analisis_de_frecuencias_Fi
lterBilinear.eps>
(epstopdf)             Output file: <../imagenes/T11_Analisis_de_frecuencias_Fi
lterBilinear-eps-converted-to.pdf>
(epstopdf)             Command: <repstopdf --outfile=../imagenes/T11_Analisis_d
e_frecuencias_FilterBilinear-eps-converted-to.pdf ../imagenes/T11_Analisis_de_f
recuencias_FilterBilinear.eps>
(epstopdf)             \includegraphics on input line 605.
Package epstopdf Info: Output file is already uptodate.

! Package pdftex.def Error: File `../imagenes/T11_Analisis_de_frecuencias_Filte
rBilinear-eps-converted-to.pdf' not found: using draft setting.

See the pdftex.def package documentation for explanation.
Type  H <return>  for immediate help.
 ...                                              
                                                  
l.605 	\end{frame}
                  
Try typing  <return>  to proceed.
If that doesn't work, type  X <return>  to quit.


Overfull \hbox (32.43703pt too wide) in paragraph at lines 605--605
 [] 
 []


Overfull \vbox (19.63474pt too high) detected at line 605
 []

[29

] [30

]

LaTeX Warning: File `../imagenes/G4_AD2_BilinearFilter_implementation.png' not 
found on input line 649.


! Package pdftex.def Error: File `../imagenes/G4_AD2_BilinearFilter_implementat
ion.png' not found: using draft setting.

See the pdftex.def package documentation for explanation.
Type  H <return>  for immediate help.
 ...                                              
                                                  
l.649 	\end{frame}
                  
Try typing  <return>  to proceed.
If that doesn't work, type  X <return>  to quit.

[31

]

LaTeX Warning: File `../imagenes/M1_05.png' not found on input line 669.


! Package pdftex.def Error: File `../imagenes/M1_05.png' not found: using draft
 setting.

See the pdftex.def package documentation for explanation.
Type  H <return>  for immediate help.
 ...                                              
                                                  
l.669 	\end{frame}
                  
Try typing  <return>  to proceed.
If that doesn't work, type  X <return>  to quit.


Overfull \hbox (3.98428pt too wide) in paragraph at lines 669--669
 [] 
 []


LaTeX Warning: File `../imagenes/V13_comparacion_exp.eps' not found on input li
ne 669.

Package epstopdf Info: Source file: <../imagenes/V13_comparacion_exp.eps>
(epstopdf)             Output file: <../imagenes/V13_comparacion_exp-eps-conver
ted-to.pdf>
(epstopdf)             Command: <repstopdf --outfile=../imagenes/V13_comparacio
n_exp-eps-converted-to.pdf ../imagenes/V13_comparacion_exp.eps>
(epstopdf)             \includegraphics on input line 669.
Package epstopdf Info: Output file is already uptodate.

! Package pdftex.def Error: File `../imagenes/V13_comparacion_exp-eps-converted
-to.pdf' not found: using draft setting.

See the pdftex.def package documentation for explanation.
Type  H <return>  for immediate help.
 ...                                              
                                                  
l.669 	\end{frame}
                  
Try typing  <return>  to proceed.
If that doesn't work, type  X <return>  to quit.


Overfull \hbox (32.43703pt too wide) in paragraph at lines 669--669
 [] 
 []


Overfull \vbox (30.63474pt too high) detected at line 669
 []

[32

]

LaTeX Warning: File `../imagenes/V14_analisis_transitorio.eps' not found on inp
ut line 689.

Package epstopdf Info: Source file: <../imagenes/V14_analisis_transitorio.eps>
(epstopdf)             Output file: <../imagenes/V14_analisis_transitorio-eps-c
onverted-to.pdf>
(epstopdf)             Command: <repstopdf --outfile=../imagenes/V14_analisis_t
ransitorio-eps-converted-to.pdf ../imagenes/V14_analisis_transitorio.eps>
(epstopdf)             \includegraphics on input line 689.
Package epstopdf Info: Output file is already uptodate.

! Package pdftex.def Error: File `../imagenes/V14_analisis_transitorio-eps-conv
erted-to.pdf' not found: using draft setting.

See the pdftex.def package documentation for explanation.
Type  H <return>  for immediate help.
 ...                                              
                                                  
l.689 	\end{frame}
                  
Try typing  <return>  to proceed.
If that doesn't work, type  X <return>  to quit.


Overfull \hbox (3.98428pt too wide) in paragraph at lines 689--689
 [] 
 []


LaTeX Warning: File `../imagenes/V15_transitorio_real.png' not found on input l
ine 689.


! Package pdftex.def Error: File `../imagenes/V15_transitorio_real.png' not fou
nd: using draft setting.

See the pdftex.def package documentation for explanation.
Type  H <return>  for immediate help.
 ...                                              
                                                  
l.689 	\end{frame}
                  
Try typing  <return>  to proceed.
If that doesn't work, type  X <return>  to quit.


Overfull \hbox (3.98428pt too wide) in paragraph at lines 689--689
 [] 
 []

[33

] [34

] [35

]

LaTeX Warning: File `../imagenes/T12_Analisis_de_frecuencias_suma_de_filtros.ep
s' not found on input line 801.

Package epstopdf Info: Source file: <../imagenes/T12_Analisis_de_frecuencias_su
ma_de_filtros.eps>
(epstopdf)             Output file: <../imagenes/T12_Analisis_de_frecuencias_su
ma_de_filtros-eps-converted-to.pdf>
(epstopdf)             Command: <repstopdf --outfile=../imagenes/T12_Analisis_d
e_frecuencias_suma_de_filtros-eps-converted-to.pdf ../imagenes/T12_Analisis_de_
frecuencias_suma_de_filtros.eps>
(epstopdf)             \includegraphics on input line 801.
Package epstopdf Info: Output file is already uptodate.

! Package pdftex.def Error: File `../imagenes/T12_Analisis_de_frecuencias_suma_
de_filtros-eps-converted-to.pdf' not found: using draft setting.

See the pdftex.def package documentation for explanation.
Type  H <return>  for immediate help.
 ...                                              
                                                  
l.801 	\end{frame}
                  
Try typing  <return>  to proceed.
If that doesn't work, type  X <return>  to quit.


Overfull \hbox (32.43703pt too wide) in paragraph at lines 801--801
 [] 
 []


Overfull \vbox (19.63474pt too high) detected at line 801
 []

[36

]

LaTeX Warning: File `../imagenes/V16_AD2_imple_suma_filtros.png' not found on i
nput line 812.


! Package pdftex.def Error: File `../imagenes/V16_AD2_imple_suma_filtros.png' n
ot found: using draft setting.

See the pdftex.def package documentation for explanation.
Type  H <return>  for immediate help.
 ...                                              
                                                  
l.812 	\end{frame}
                  
Try typing  <return>  to proceed.
If that doesn't work, type  X <return>  to quit.

[37

]

LaTeX Warning: File `../imagenes/M2_05.png' not found on input line 832.


! Package pdftex.def Error: File `../imagenes/M2_05.png' not found: using draft
 setting.

See the pdftex.def package documentation for explanation.
Type  H <return>  for immediate help.
 ...                                              
                                                  
l.832 	\end{frame}
                  
Try typing  <return>  to proceed.
If that doesn't work, type  X <return>  to quit.


Overfull \hbox (3.98428pt too wide) in paragraph at lines 832--832
 [] 
 []


LaTeX Warning: File `../imagenes/V15_bodes_comparativos_suma.eps' not found on 
input line 832.

Package epstopdf Info: Source file: <../imagenes/V15_bodes_comparativos_suma.ep
s>
(epstopdf)             Output file: <../imagenes/V15_bodes_comparativos_suma-ep
s-converted-to.pdf>
(epstopdf)             Command: <repstopdf --outfile=../imagenes/V15_bodes_comp
arativos_suma-eps-converted-to.pdf ../imagenes/V15_bodes_comparativos_suma.eps>

(epstopdf)             \includegraphics on input line 832.
Package epstopdf Info: Output file is already uptodate.

! Package pdftex.def Error: File `../imagenes/V15_bodes_comparativos_suma-eps-c
onverted-to.pdf' not found: using draft setting.

See the pdftex.def package documentation for explanation.
Type  H <return>  for immediate help.
 ...                                              
                                                  
l.832 	\end{frame}
                  
Try typing  <return>  to proceed.
If that doesn't work, type  X <return>  to quit.


Overfull \hbox (32.43703pt too wide) in paragraph at lines 832--832
 [] 
 []


Overfull \vbox (41.63474pt too high) detected at line 832
 []

[38

]
Overfull \vbox (3.41782pt too high) detected at line 865
 []

[39

]

LaTeX Warning: File `../imagenes/V19_segundo_orden_esc.eps' not found on input 
line 876.

Package epstopdf Info: Source file: <../imagenes/V19_segundo_orden_esc.eps>
(epstopdf)             Output file: <../imagenes/V19_segundo_orden_esc-eps-conv
erted-to.pdf>
(epstopdf)             Command: <repstopdf --outfile=../imagenes/V19_segundo_or
den_esc-eps-converted-to.pdf ../imagenes/V19_segundo_orden_esc.eps>
(epstopdf)             \includegraphics on input line 876.
Package epstopdf Info: Output file is already uptodate.

! Package pdftex.def Error: File `../imagenes/V19_segundo_orden_esc-eps-convert
ed-to.pdf' not found: using draft setting.

See the pdftex.def package documentation for explanation.
Type  H <return>  for immediate help.
 ...                                              
                                                  
l.876 	\end{frame}
                  
Try typing  <return>  to proceed.
If that doesn't work, type  X <return>  to quit.


Overfull \vbox (49.54448pt too high) detected at line 876
 []

[40

] [41

] [42

]
Overfull \hbox (69.7663pt too wide) in paragraph at lines 983--983
 [] 
 []


LaTeX Warning: File `../imagenes/W4_analisis_frecuencias_biquad.eps' not found 
on input line 983.

Package epstopdf Info: Source file: <../imagenes/W4_analisis_frecuencias_biquad
.eps>
(epstopdf)             Output file: <../imagenes/W4_analisis_frecuencias_biquad
-eps-converted-to.pdf>
(epstopdf)             Command: <repstopdf --outfile=../imagenes/W4_analisis_fr
ecuencias_biquad-eps-converted-to.pdf ../imagenes/W4_analisis_frecuencias_biqua
d.eps>
(epstopdf)             \includegraphics on input line 983.
Package epstopdf Info: Output file is already uptodate.

! Package pdftex.def Error: File `../imagenes/W4_analisis_frecuencias_biquad-ep
s-converted-to.pdf' not found: using draft setting.

See the pdftex.def package documentation for explanation.
Type  H <return>  for immediate help.
 ...                                              
                                                  
l.983 	\end{frame}
                  
Try typing  <return>  to proceed.
If that doesn't work, type  X <return>  to quit.


Overfull \hbox (32.43703pt too wide) in paragraph at lines 983--983
 [] 
 []


Overfull \vbox (41.63474pt too high) detected at line 983
 []

[43

]

! LaTeX Error: File `../imagenes/W3_AD2_biquad' not found.

See the LaTeX manual or LaTeX Companion for explanation.
Type  H <return>  for immediate help.
 ...                                              
                                                  
l.994 	\end{frame}
                  
I could not locate the file with any of these extensions:
.pdf,.png,.jpg,.mps,.jpeg,.jbig2,.jb2,.PDF,.PNG,.JPG,.JPEG,.JBIG2,.JB2,.eps
Try typing  <return>  to proceed.
If that doesn't work, type  X <return>  to quit.

[44

]

LaTeX Warning: File `../imagenes/W1_impl_seg_ord.png' not found on input line 1
014.


! Package pdftex.def Error: File `../imagenes/W1_impl_seg_ord.png' not found: u
sing draft setting.

See the pdftex.def package documentation for explanation.
Type  H <return>  for immediate help.
 ...                                              
                                                  
l.1014 	\end{frame}
                   
Try typing  <return>  to proceed.
If that doesn't work, type  X <return>  to quit.


Overfull \hbox (3.98428pt too wide) in paragraph at lines 1014--1014
 [] 
 []


LaTeX Warning: File `../imagenes/W2_seg_ord_teoria_exp.eps' not found on input 
line 1014.

Package epstopdf Info: Source file: <../imagenes/W2_seg_ord_teoria_exp.eps>
(epstopdf)             Output file: <../imagenes/W2_seg_ord_teoria_exp-eps-conv
erted-to.pdf>
(epstopdf)             Command: <repstopdf --outfile=../imagenes/W2_seg_ord_teo
ria_exp-eps-converted-to.pdf ../imagenes/W2_seg_ord_teoria_exp.eps>
(epstopdf)             \includegraphics on input line 1014.
Package epstopdf Info: Output file is already uptodate.

! Package pdftex.def Error: File `../imagenes/W2_seg_ord_teoria_exp-eps-convert
ed-to.pdf' not found: using draft setting.

See the pdftex.def package documentation for explanation.
Type  H <return>  for immediate help.
 ...                                              
                                                  
l.1014 	\end{frame}
                   
Try typing  <return>  to proceed.
If that doesn't work, type  X <return>  to quit.


Overfull \hbox (32.43703pt too wide) in paragraph at lines 1014--1014
 [] 
 []


Overfull \vbox (30.63474pt too high) detected at line 1014
 []

[45

]
Overfull \hbox (8.48257pt too wide) in paragraph at lines 1090--1090
 []|$\OT1/cmr/m/n/7 [0\OML/cmm/m/it/7 :\OT1/cmr/m/n/7 01\OML/cmm/m/it/7 ; \OT1/
cmr/m/n/7 0\OML/cmm/m/it/7 :\OT1/cmr/m/n/7 81]$| 
 []


Underfull \hbox (badness 2608) in paragraph at lines 1090--1090
[]\OT1/cmss/m/n/7 Facilidad de im-ple-men-ta-
 []


Overfull \hbox (8.48257pt too wide) in paragraph at lines 1090--1090
 []|$\OT1/cmr/m/n/7 [0\OML/cmm/m/it/7 :\OT1/cmr/m/n/7 01\OML/cmm/m/it/7 ; \OT1/
cmr/m/n/7 0\OML/cmm/m/it/7 :\OT1/cmr/m/n/7 93]$| 
 []


Overfull \hbox (4.49644pt too wide) in paragraph at lines 1090--1090
 []|$\OT1/cmr/m/n/7 [0\OML/cmm/m/it/7 :\OT1/cmr/m/n/7 01\OML/cmm/m/it/7 ; \OT1/
cmr/m/n/7 0\OML/cmm/m/it/7 :\OT1/cmr/m/n/7 6]$| 
 []

[46

] [47

]

LaTeX Warning: File `../imagenes/Z1_saturacion.eps' not found on input line 113
0.

Package epstopdf Info: Source file: <../imagenes/Z1_saturacion.eps>
(epstopdf)             Output file: <../imagenes/Z1_saturacion-eps-converted-to
.pdf>
(epstopdf)             Command: <repstopdf --outfile=../imagenes/Z1_saturacion-
eps-converted-to.pdf ../imagenes/Z1_saturacion.eps>
(epstopdf)             \includegraphics on input line 1130.
Package epstopdf Info: Output file is already uptodate.

! Package pdftex.def Error: File `../imagenes/Z1_saturacion-eps-converted-to.pd
f' not found: using draft setting.

See the pdftex.def package documentation for explanation.
Type  H <return>  for immediate help.
 ...                                              
                                                  
l.1130 	\end{frame}
                   
Try typing  <return>  to proceed.
If that doesn't work, type  X <return>  to quit.


Overfull \vbox (20.08978pt too high) detected at line 1130
 []

[48

]

LaTeX Warning: File `../imagenes/Z2_bloques.eps' not found on input line 1143.

Package epstopdf Info: Source file: <../imagenes/Z2_bloques.eps>
(epstopdf)             Output file: <../imagenes/Z2_bloques-eps-converted-to.pd
f>
(epstopdf)             Command: <repstopdf --outfile=../imagenes/Z2_bloques-eps
-converted-to.pdf ../imagenes/Z2_bloques.eps>
(epstopdf)             \includegraphics on input line 1143.
Package epstopdf Info: Output file is already uptodate.

! Package pdftex.def Error: File `../imagenes/Z2_bloques-eps-converted-to.pdf' 
not found: using draft setting.

See the pdftex.def package documentation for explanation.
Type  H <return>  for immediate help.
 ...                                              
                                                  
l.1143 	\end{frame}
                   
Try typing  <return>  to proceed.
If that doesn't work, type  X <return>  to quit.


Overfull \vbox (20.11905pt too high) detected at line 1143
 []

[49

] [50

]

LaTeX Warning: File `../imagenes/Y1_implementacion.png' not found on input line
 1166.


! Package pdftex.def Error: File `../imagenes/Y1_implementacion.png' not found:
 using draft setting.

See the pdftex.def package documentation for explanation.
Type  H <return>  for immediate help.
 ...                                              
                                                  
l.1166 	\end{frame}
                   		
Try typing  <return>  to proceed.
If that doesn't work, type  X <return>  to quit.


Overfull \vbox (38.54448pt too high) detected at line 1166
 []

[51

]

LaTeX Warning: File `../imagenes/Y2_X_vs_Y.png' not found on input line 1194.


! Package pdftex.def Error: File `../imagenes/Y2_X_vs_Y.png' not found: using d
raft setting.

See the pdftex.def package documentation for explanation.
Type  H <return>  for immediate help.
 ...                                              
                                                  
l.1194 	\end{frame}
                   	
Try typing  <return>  to proceed.
If that doesn't work, type  X <return>  to quit.


LaTeX Warning: File `../imagenes/Y4_X_vs_Z.png' not found on input line 1194.


! Package pdftex.def Error: File `../imagenes/Y4_X_vs_Z.png' not found: using d
raft setting.

See the pdftex.def package documentation for explanation.
Type  H <return>  for immediate help.
 ...                                              
                                                  
l.1194 	\end{frame}
                   	
Try typing  <return>  to proceed.
If that doesn't work, type  X <return>  to quit.


LaTeX Warning: File `../imagenes/Y6_Y_vs_Z.png' not found on input line 1194.


! Package pdftex.def Error: File `../imagenes/Y6_Y_vs_Z.png' not found: using d
raft setting.

See the pdftex.def package documentation for explanation.
Type  H <return>  for immediate help.
 ...                                              
                                                  
l.1194 	\end{frame}
                   	
Try typing  <return>  to proceed.
If that doesn't work, type  X <return>  to quit.

[52

]

LaTeX Warning: File `../imagenes/Y3_X_vs_Y_signal.png' not found on input line 
1221.


! Package pdftex.def Error: File `../imagenes/Y3_X_vs_Y_signal.png' not found: 
using draft setting.

See the pdftex.def package documentation for explanation.
Type  H <return>  for immediate help.
 ...                                              
                                                  
l.1221 	\end{frame}
                   
Try typing  <return>  to proceed.
If that doesn't work, type  X <return>  to quit.


LaTeX Warning: File `../imagenes/Y5_X_vs_Z_signal.png' not found on input line 
1221.


! Package pdftex.def Error: File `../imagenes/Y5_X_vs_Z_signal.png' not found: 
using draft setting.

See the pdftex.def package documentation for explanation.
Type  H <return>  for immediate help.
 ...                                              
                                                  
l.1221 	\end{frame}
                   
Try typing  <return>  to proceed.
If that doesn't work, type  X <return>  to quit.


LaTeX Warning: File `../imagenes/Y7_Y_vs_Z_signal.png' not found on input line 
1221.


! Package pdftex.def Error: File `../imagenes/Y7_Y_vs_Z_signal.png' not found: 
using draft setting.

See the pdftex.def package documentation for explanation.
Type  H <return>  for immediate help.
 ...                                              
                                                  
l.1221 	\end{frame}
                   
Try typing  <return>  to proceed.
If that doesn't work, type  X <return>  to quit.

[53

] [54

]

LaTeX Warning: File `../imagenes/Y1p_implementacion.png' not found on input lin
e 1253.


! Package pdftex.def Error: File `../imagenes/Y1p_implementacion.png' not found
: using draft setting.

See the pdftex.def package documentation for explanation.
Type  H <return>  for immediate help.
 ...                                              
                                                  
l.1253 	\end{frame}
                   		
Try typing  <return>  to proceed.
If that doesn't work, type  X <return>  to quit.


Overfull \vbox (38.54448pt too high) detected at line 1253
 []

[55

]pdfTeX warning (ext4): destination with the same identifier (name{fig:fase_imp
_osc}) has been already used, duplicate ignored
<to be read again> 
                   \relax 
l.1284 	\end{frame}
                   	

LaTeX Warning: File `../imagenes/Y2p_X_vs_Y.png' not found on input line 1284.


! Package pdftex.def Error: File `../imagenes/Y2p_X_vs_Y.png' not found: using 
draft setting.

See the pdftex.def package documentation for explanation.
Type  H <return>  for immediate help.
 ...                                              
                                                  
l.1284 	\end{frame}
                   	
Try typing  <return>  to proceed.
If that doesn't work, type  X <return>  to quit.


LaTeX Warning: File `../imagenes/Y4p_X_vs_Z.png' not found on input line 1284.


! Package pdftex.def Error: File `../imagenes/Y4p_X_vs_Z.png' not found: using 
draft setting.

See the pdftex.def package documentation for explanation.
Type  H <return>  for immediate help.
 ...                                              
                                                  
l.1284 	\end{frame}
                   	
Try typing  <return>  to proceed.
If that doesn't work, type  X <return>  to quit.


LaTeX Warning: File `../imagenes/Y6p_Y_vs_Z.png' not found on input line 1284.


! Package pdftex.def Error: File `../imagenes/Y6p_Y_vs_Z.png' not found: using 
draft setting.

See the pdftex.def package documentation for explanation.
Type  H <return>  for immediate help.
 ...                                              
                                                  
l.1284 	\end{frame}
                   	
Try typing  <return>  to proceed.
If that doesn't work, type  X <return>  to quit.

[56

]pdfTeX warning (ext4): destination with the same identifier (name{fig:temporal
_imp}) has been already used, duplicate ignored
<to be read again> 
                   \relax 
l.1311 	\end{frame}
                   			

LaTeX Warning: File `../imagenes/Y3p_X_vs_Y_signal.png' not found on input line
 1311.


! Package pdftex.def Error: File `../imagenes/Y3p_X_vs_Y_signal.png' not found:
 using draft setting.

See the pdftex.def package documentation for explanation.
Type  H <return>  for immediate help.
 ...                                              
                                                  
l.1311 	\end{frame}
                   			
Try typing  <return>  to proceed.
If that doesn't work, type  X <return>  to quit.


LaTeX Warning: File `../imagenes/Y5p_X_vs_Z_signal.png' not found on input line
 1311.


! Package pdftex.def Error: File `../imagenes/Y5p_X_vs_Z_signal.png' not found:
 using draft setting.

See the pdftex.def package documentation for explanation.
Type  H <return>  for immediate help.
 ...                                              
                                                  
l.1311 	\end{frame}
                   			
Try typing  <return>  to proceed.
If that doesn't work, type  X <return>  to quit.


LaTeX Warning: File `../imagenes/Y7p_Y_vs_Z_signal.png' not found on input line
 1311.


! Package pdftex.def Error: File `../imagenes/Y7p_Y_vs_Z_signal.png' not found:
 using draft setting.

See the pdftex.def package documentation for explanation.
Type  H <return>  for immediate help.
 ...                                              
                                                  
l.1311 	\end{frame}
                   			
Try typing  <return>  to proceed.
If that doesn't work, type  X <return>  to quit.

[57

]
LaTeX Font Info:    Try loading font information for OMS+cmss on input line 133
9.
LaTeX Font Info:    No file OMScmss.fd. on input line 1339.


LaTeX Font Warning: Font shape `OMS/cmss/m/n' undefined
(Font)              using `OMS/cmsy/m/n' instead
(Font)              for symbol `textbullet' on input line 1339.

[58

] (./main.bbl) [59

 </usr/share/texlive/texmf-dist/tex/latex/beamer/beamericonarticle.pdf>] [60


] [61


] [62


] [63


] [64


] [65


] [66

]
<imagenes/encrypt.png, id=6846, 475.7775pt x 357.335pt>
File: imagenes/encrypt.png Graphic file (type png)
<use imagenes/encrypt.png>
Package pdftex.def Info: imagenes/encrypt.png  used on input line 1395.
(pdftex.def)             Requested size: 99.58464pt x 74.79175pt.
<imagenes/comunication.png, id=6847, 336.9207pt x 298.24098pt>
File: imagenes/comunication.png Graphic file (type png)
<use imagenes/comunication.png>
Package pdftex.def Info: imagenes/comunication.png  used on input line 1395.
(pdftex.def)             Requested size: 113.81102pt x 100.74527pt.

Overfull \vbox (1.46184pt too high) detected at line 1395
 []

[67

 <./imagenes/encrypt.png> <./imagenes/comunication.png>]
Package epstopdf Info: Source file: <imagenes/diagrama_de_bloques.eps>
(epstopdf)                    date: 2020-01-14 11:05:10
(epstopdf)                    size: 388484 bytes
(epstopdf)             Output file: <imagenes/diagrama_de_bloques-eps-converted
-to.pdf>
(epstopdf)                    date: 2020-02-05 19:27:34
(epstopdf)                    size: 126485 bytes
(epstopdf)             Command: <repstopdf --outfile=imagenes/diagrama_de_bloqu
es-eps-converted-to.pdf imagenes/diagrama_de_bloques.eps>
(epstopdf)             \includegraphics on input line 1404.
Package epstopdf Info: Output file is already uptodate.


pdfTeX warning: /usr/bin/pdflatex (file ./imagenes/diagrama_de_bloques-eps-conv
erted-to.pdf): PDF inclusion: found PDF version <1.7>, but at most version <1.5
> allowed
<imagenes/diagrama_de_bloques-eps-converted-to.pdf, id=6950, 559.08875pt x 321.
2pt>
File: imagenes/diagrama_de_bloques-eps-converted-to.pdf Graphic file (type pdf)

<use imagenes/diagrama_de_bloques-eps-converted-to.pdf>
Package pdftex.def Info: imagenes/diagrama_de_bloques-eps-converted-to.pdf  use
d on input line 1404.
(pdftex.def)             Requested size: 284.52756pt x 163.46675pt.
[68

 <./imagenes/diagrama_de_bloques-eps-converted-to.pdf>] [69

]
\tf@nav=\write7
\openout7 = `main.nav'.

\tf@toc=\write8
\openout8 = `main.toc'.

\tf@snm=\write9
\openout9 = `main.snm'.

Package atveryend Info: Empty hook `BeforeClearDocument' on input line 1434.
Package atveryend Info: Empty hook `AfterLastShipout' on input line 1434.
 (./main.aux
LaTeX Info: Redefining \. on input line 23.
LaTeX Info: Redefining \% on input line 23.
)
Package atveryend Info: Executing hook `AtVeryEndDocument' on input line 1434.
Package atveryend Info: Executing hook `AtEndAfterFileList' on input line 1434.

Package rerunfilecheck Info: File `main.out' has not changed.
(rerunfilecheck)             Checksum: 4E8D7DB81231E62E11C5ADA408C6F26F;387.


LaTeX Font Warning: Some font shapes were not available, defaults substituted.


LaTeX Warning: There were multiply-defined labels.

 ) 
Here is how much of TeX's memory you used:
 23222 strings out of 492615
 422453 string characters out of 6131391
 589643 words of memory out of 5000000
 26269 multiletter control sequences out of 15000+600000
 27058 words of font info for 86 fonts, out of 8000000 for 9000
 1141 hyphenation exceptions out of 8191
 56i,20n,63p,791b,860s stack positions out of 5000i,500n,10000p,200000b,80000s
</usr/share/texlive/texmf-dist/fonts/type1/public/amsfonts/cm/cmbx5.pfb></usr
/share/texlive/texmf-dist/fonts/type1/public/amsfonts/cm/cmbx8.pfb></usr/share/
texlive/texmf-dist/fonts/type1/public/amsfonts/cm/cmex10.pfb></usr/share/texliv
e/texmf-dist/fonts/type1/public/amsfonts/cmextra/cmex9.pfb></usr/share/texlive/
texmf-dist/fonts/type1/public/amsfonts/cm/cmmi10.pfb></usr/share/texlive/texmf-
dist/fonts/type1/public/amsfonts/cm/cmmi5.pfb></usr/share/texlive/texmf-dist/fo
nts/type1/public/amsfonts/cm/cmmi6.pfb></usr/share/texlive/texmf-dist/fonts/typ
e1/public/amsfonts/cm/cmmi7.pfb></usr/share/texlive/texmf-dist/fonts/type1/publ
ic/amsfonts/cm/cmmi8.pfb></usr/share/texlive/texmf-dist/fonts/type1/public/amsf
onts/cm/cmmi9.pfb></usr/share/texlive/texmf-dist/fonts/type1/public/amsfonts/cm
extra/cmmib5.pfb></usr/share/texlive/texmf-dist/fonts/type1/public/amsfonts/cme
xtra/cmmib6.pfb></usr/share/texlive/texmf-dist/fonts/type1/public/amsfonts/cmex
tra/cmmib7.pfb></usr/share/texlive/texmf-dist/fonts/type1/public/amsfonts/cmext
ra/cmmib8.pfb></usr/share/texlive/texmf-dist/fonts/type1/public/amsfonts/cmextr
a/cmmib9.pfb></usr/share/texlive/texmf-dist/fonts/type1/public/amsfonts/cm/cmr1
0.pfb></usr/share/texlive/texmf-dist/fonts/type1/public/amsfonts/cm/cmr5.pfb></
usr/share/texlive/texmf-dist/fonts/type1/public/amsfonts/cm/cmr6.pfb></usr/shar
e/texlive/texmf-dist/fonts/type1/public/amsfonts/cm/cmr7.pfb></usr/share/texliv
e/texmf-dist/fonts/type1/public/amsfonts/cm/cmr9.pfb></usr/share/texlive/texmf-
dist/fonts/type1/public/amsfonts/cm/cmss10.pfb></usr/share/texlive/texmf-dist/f
onts/type1/public/amsfonts/cm/cmss12.pfb></usr/share/texlive/texmf-dist/fonts/t
ype1/public/amsfonts/cm/cmss8.pfb></usr/share/texlive/texmf-dist/fonts/type1/pu
blic/amsfonts/cm/cmss9.pfb></usr/share/texlive/texmf-dist/fonts/type1/public/am
sfonts/cm/cmssbx10.pfb></usr/share/texlive/texmf-dist/fonts/type1/public/amsfon
ts/cm/cmssi10.pfb></usr/share/texlive/texmf-dist/fonts/type1/public/amsfonts/cm
/cmssi8.pfb></usr/share/texlive/texmf-dist/fonts/type1/public/amsfonts/cm/cmsy1
0.pfb></usr/share/texlive/texmf-dist/fonts/type1/public/amsfonts/cm/cmsy5.pfb><
/usr/share/texlive/texmf-dist/fonts/type1/public/amsfonts/cm/cmsy7.pfb></usr/sh
are/texlive/texmf-dist/fonts/type1/public/amsfonts/cm/cmsy8.pfb></usr/share/tex
live/texmf-dist/fonts/type1/public/amsfonts/cm/cmsy9.pfb></usr/share/texlive/te
xmf-dist/fonts/type1/public/amsfonts/cm/cmtt10.pfb></usr/share/texlive/texmf-di
st/fonts/type1/public/amsfonts/symbols/msbm10.pfb>
Output written on main.pdf (69 pages, 1099583 bytes).
PDF statistics:
 7317 PDF objects out of 7423 (max. 8388607)
 7038 compressed objects within 71 object streams
 256 named destinations out of 1000 (max. 500000)
 177 words of extra memory for PDF output out of 10000 (max. 10000000)

